[2023/06/12 15:52:23] - Namespace(alpha=10, batch_size=128, data_dir='../../cifar-data', delta_init='random', early_stop=False, epochs=20, epsilon=8, loss_scale='1.0', lr_max=0.2, lr_min=0.0, lr_schedule='cyclic', master_weights=False, momentum=0.9, opt_level='O2', out_dir='train_fgsm_output', seed=0, weight_decay=0.0005)
[2023/06/12 15:52:25] - Epoch 	 Seconds 	 LR 	 	 Train Loss 	 Train Acc
[2023/06/12 15:52:34] - 0 	 8.8 	 	 0.0200 	 1.3512 	 0.5162
[2023/06/12 15:52:42] - 1 	 7.8 	 	 0.0400 	 0.6192 	 0.7785
[2023/06/12 15:52:50] - 2 	 7.8 	 	 0.0600 	 0.5097 	 0.8149
[2023/06/12 15:52:57] - 3 	 7.9 	 	 0.0800 	 0.3912 	 0.8575
[2023/06/12 15:53:06] - 4 	 8.1 	 	 0.1000 	 0.3638 	 0.8666
[2023/06/12 15:53:13] - 5 	 7.9 	 	 0.1200 	 0.3218 	 0.8806
[2023/06/12 15:53:21] - 6 	 7.8 	 	 0.1400 	 0.3053 	 0.8854
[2023/06/12 15:53:29] - 7 	 7.8 	 	 0.1600 	 0.2398 	 0.9128
[2023/06/12 15:53:37] - 8 	 7.8 	 	 0.1800 	 0.2756 	 0.9012
[2023/06/12 15:53:45] - 9 	 7.8 	 	 0.2000 	 0.2188 	 0.9195
[2023/06/12 15:53:52] - 10 	 7.8 	 	 0.1800 	 0.1952 	 0.9300
[2023/06/12 15:54:00] - 11 	 7.8 	 	 0.1600 	 0.1484 	 0.9448
[2023/06/12 15:54:08] - 12 	 7.8 	 	 0.1400 	 0.1771 	 0.9359
[2023/06/12 15:54:16] - 13 	 7.8 	 	 0.1200 	 0.1431 	 0.9507
[2023/06/12 15:54:24] - 14 	 7.9 	 	 0.1000 	 0.0848 	 0.9696
[2023/06/12 15:54:32] - 15 	 7.8 	 	 0.0800 	 0.0622 	 0.9793
[2023/06/12 15:54:39] - 16 	 7.8 	 	 0.0600 	 0.0972 	 0.9658
[2023/06/12 15:54:47] - 17 	 7.8 	 	 0.0400 	 0.0470 	 0.9847
[2023/06/12 15:54:55] - 18 	 7.8 	 	 0.0200 	 0.0306 	 0.9902
[2023/06/12 15:55:03] - 19 	 7.8 	 	 0.0000 	 0.0157 	 0.9952
[2023/06/12 15:55:03] - Total train time: 2.6265 minutes
[2023/06/12 16:02:12] - Test Loss 	 Test Acc 	 PGD Loss 	 PGD Acc
[2023/06/12 16:02:12] - 0.2865 	 	 0.9169 	 0.4710 	 0.8047
